<?xml version="1.0" encoding="UTF-8"?>
<!-- Generated by org.testng.reporters.JUnitXMLReporter -->
<testsuite hostname="HelloWorld" ignored="1" name="Regression1" tests="13" failures="0" timestamp="01 五月 2018 10:16:05 GMT" time="0.04" errors="0">
  <testcase name="test" time="0.01" classname="com.vdcoding.testngDemo.tests.StandardTest"/>
  <testcase name="test" time="0.01" classname="com.vdcoding.testngDemo.tests.StandardTest"/>
  <testcase name="test1" time="0.0" classname="com.vdcoding.testngDemo.tests.StandardTest2"/>
  <testcase name="test2" time="0.0" classname="com.vdcoding.testngDemo.tests.StandardTest2"/>
  <testcase name="test1" time="0.0" classname="com.vdcoding.testngDemo.tests.StandardTest4"/>
  <testcase name="test1" time="0.0" classname="com.vdcoding.testngDemo.tests.StandardTest4"/>
  <testcase name="test2" time="0.0" classname="com.vdcoding.testngDemo.tests.StandardTest4"/>
  <testcase name="test2" time="0.0" classname="com.vdcoding.testngDemo.tests.StandardTest4"/>
  <testcase name="test3" time="0.0" classname="com.vdcoding.testngDemo.tests.StandardTest4"/>
  <testcase name="test4" time="0.0" classname="com.vdcoding.testngDemo.tests.StandardTest4"/>
  <testcase name="test1" time="0.0" classname="com.vdcoding.testngDemo.tests.StandardTest3"/>
  <testcase name="test1" time="0.0" classname="com.vdcoding.testngDemo.tests.StandardTest3"/>
  <testcase name="test2" time="0.01" classname="com.vdcoding.testngDemo.tests.StandardTest3"/>
  <testcase name="test3" time="0.0" classname="com.vdcoding.testngDemo.tests.StandardTest2">
    <ignored/>
  </testcase> <!-- test3 -->
</testsuite> <!-- Regression1 -->
