<?xml version="1.0" encoding="UTF-8"?>
<!-- Generated by org.testng.reporters.JUnitXMLReporter -->
<testsuite hostname="HelloWorld" ignored="13" name="Default test" tests="13" failures="0" timestamp="01 五月 2018 09:08:05 GMT" time="0.061" errors="0">
  <testcase name="test1" time="0.004" classname="com.vdcoding.testngDemo.tests.StandardTest4"/>
  <testcase name="test1" time="0.001" classname="com.vdcoding.testngDemo.tests.StandardTest4"/>
  <testcase name="test2" time="0.0" classname="com.vdcoding.testngDemo.tests.StandardTest4"/>
  <testcase name="test2" time="0.0" classname="com.vdcoding.testngDemo.tests.StandardTest4"/>
  <testcase name="test3" time="0.001" classname="com.vdcoding.testngDemo.tests.StandardTest4"/>
  <testcase name="test4" time="0.001" classname="com.vdcoding.testngDemo.tests.StandardTest4"/>
  <testcase name="test" time="0.0" classname="com.vdcoding.testngDemo.tests.StandardTest"/>
  <testcase name="test" time="0.001" classname="com.vdcoding.testngDemo.tests.StandardTest"/>
  <testcase name="test1" time="0.001" classname="com.vdcoding.testngDemo.tests.StandardTest2"/>
  <testcase name="test2" time="0.001" classname="com.vdcoding.testngDemo.tests.StandardTest2"/>
  <testcase name="test1" time="0.004" classname="com.vdcoding.testngDemo.tests.StandardTest3"/>
  <testcase name="test1" time="0.002" classname="com.vdcoding.testngDemo.tests.StandardTest3"/>
  <testcase name="test2" time="0.001" classname="com.vdcoding.testngDemo.tests.StandardTest3"/>
  <testcase name="@AfterSuite afterSuite" time="0.0" classname="com.vdcoding.testngDemo.tests.BaseTest">
    <ignored/>
  </testcase> <!-- @AfterSuite afterSuite -->
  <testcase name="@AfterSuite afterSuite" time="0.0" classname="com.vdcoding.testngDemo.tests.BaseTest">
    <ignored/>
  </testcase> <!-- @AfterSuite afterSuite -->
  <testcase name="@AfterSuite afterSuite" time="0.0" classname="com.vdcoding.testngDemo.tests.BaseTest">
    <ignored/>
  </testcase> <!-- @AfterSuite afterSuite -->
  <testcase name="@BeforeTest beforeTest" time="0.0" classname="com.vdcoding.testngDemo.tests.BaseTest">
    <ignored/>
  </testcase> <!-- @BeforeTest beforeTest -->
  <testcase name="@BeforeTest beforeTest" time="0.0" classname="com.vdcoding.testngDemo.tests.BaseTest">
    <ignored/>
  </testcase> <!-- @BeforeTest beforeTest -->
  <testcase name="@BeforeTest beforeTest" time="0.0" classname="com.vdcoding.testngDemo.tests.BaseTest">
    <ignored/>
  </testcase> <!-- @BeforeTest beforeTest -->
  <testcase name="test3" time="0.0" classname="com.vdcoding.testngDemo.tests.StandardTest2">
    <ignored/>
  </testcase> <!-- test3 -->
  <testcase name="@AfterTest afterTest" time="0.0" classname="com.vdcoding.testngDemo.tests.BaseTest">
    <ignored/>
  </testcase> <!-- @AfterTest afterTest -->
  <testcase name="@AfterTest afterTest" time="0.0" classname="com.vdcoding.testngDemo.tests.BaseTest">
    <ignored/>
  </testcase> <!-- @AfterTest afterTest -->
  <testcase name="@AfterTest afterTest" time="0.0" classname="com.vdcoding.testngDemo.tests.BaseTest">
    <ignored/>
  </testcase> <!-- @AfterTest afterTest -->
  <testcase name="@BeforeSuite beforeSuite" time="0.0" classname="com.vdcoding.testngDemo.tests.BaseTest">
    <ignored/>
  </testcase> <!-- @BeforeSuite beforeSuite -->
  <testcase name="@BeforeSuite beforeSuite" time="0.0" classname="com.vdcoding.testngDemo.tests.BaseTest">
    <ignored/>
  </testcase> <!-- @BeforeSuite beforeSuite -->
  <testcase name="@BeforeSuite beforeSuite" time="0.0" classname="com.vdcoding.testngDemo.tests.BaseTest">
    <ignored/>
  </testcase> <!-- @BeforeSuite beforeSuite -->
</testsuite> <!-- Default test -->
