<?xml version="1.0" encoding="UTF-8"?>
<testng-results skipped="0" failed="0" ignored="0" total="2" passed="2">
  <reporter-output>
  </reporter-output>
  <suite name="Default suite" duration-ms="55" started-at="2018-04-16T06:17:52Z" finished-at="2018-04-16T06:17:52Z">
    <groups>
    </groups>
    <test name="Default test" duration-ms="55" started-at="2018-04-16T06:17:52Z" finished-at="2018-04-16T06:17:52Z">
      <class name="com.vdcoding.NewTest">
        <test-method status="PASS" signature="beforeSuite()[pri:0, instance:com.vdcoding.NewTest@5419f379]" name="beforeSuite" is-config="true" duration-ms="11" started-at="2018-04-16T14:17:52Z" finished-at="2018-04-16T14:17:52Z">
          <reporter-output>
          </reporter-output>
        </test-method> <!-- beforeSuite -->
        <test-method status="PASS" signature="beforeClass()[pri:0, instance:com.vdcoding.NewTest@5419f379]" name="beforeClass" is-config="true" duration-ms="0" started-at="2018-04-16T14:17:52Z" finished-at="2018-04-16T14:17:52Z">
          <reporter-output>
          </reporter-output>
        </test-method> <!-- beforeClass -->
        <test-method status="PASS" signature="f(java.lang.Integer, java.lang.String)[pri:0, instance:com.vdcoding.NewTest@5419f379]" name="f" duration-ms="4" started-at="2018-04-16T14:17:52Z" data-provider="dp" finished-at="2018-04-16T14:17:52Z">
          <params>
            <param index="0">
              <value>
                <![CDATA[1]]>
              </value>
            </param>
            <param index="1">
              <value>
                <![CDATA[a]]>
              </value>
            </param>
          </params>
          <reporter-output>
          </reporter-output>
        </test-method> <!-- f -->
        <test-method status="PASS" signature="f(java.lang.Integer, java.lang.String)[pri:0, instance:com.vdcoding.NewTest@5419f379]" name="f" duration-ms="1" started-at="2018-04-16T14:17:52Z" data-provider="dp" finished-at="2018-04-16T14:17:52Z">
          <params>
            <param index="0">
              <value>
                <![CDATA[2]]>
              </value>
            </param>
            <param index="1">
              <value>
                <![CDATA[b]]>
              </value>
            </param>
          </params>
          <reporter-output>
          </reporter-output>
        </test-method> <!-- f -->
        <test-method status="PASS" signature="afterClass()[pri:0, instance:com.vdcoding.NewTest@5419f379]" name="afterClass" is-config="true" duration-ms="1" started-at="2018-04-16T14:17:52Z" finished-at="2018-04-16T14:17:52Z">
          <reporter-output>
          </reporter-output>
        </test-method> <!-- afterClass -->
      </class> <!-- com.vdcoding.NewTest -->
    </test> <!-- Default test -->
  </suite> <!-- Default suite -->
</testng-results>
