<?xml version="1.0" encoding="UTF-8"?>
<!-- Generated by org.testng.reporters.JUnitXMLReporter -->
<testsuite hostname="HelloWorld" ignored="6" name="Regression1" tests="5" failures="0" timestamp="01 五月 2018 02:41:39 GMT" time="0.001" errors="0">
  <testcase name="test1" time="0.0" classname="com.vdcoding.testngDemo.tests.StandardTest2"/>
  <testcase name="test2" time="0.0" classname="com.vdcoding.testngDemo.tests.StandardTest2"/>
  <testcase name="test1" time="0.0" classname="com.vdcoding.testngDemo.tests.StandardTest3"/>
  <testcase name="test1" time="0.0" classname="com.vdcoding.testngDemo.tests.StandardTest3"/>
  <testcase name="test2" time="0.0" classname="com.vdcoding.testngDemo.tests.StandardTest3"/>
  <testcase name="test" time="0.0" classname="com.vdcoding.testngDemo.tests.StandardTest">
    <ignored/>
  </testcase> <!-- test -->
  <testcase name="test3" time="0.0" classname="com.vdcoding.testngDemo.tests.StandardTest4">
    <ignored/>
  </testcase> <!-- test3 -->
  <testcase name="test2" time="0.0" classname="com.vdcoding.testngDemo.tests.StandardTest4">
    <ignored/>
  </testcase> <!-- test2 -->
  <testcase name="test4" time="0.0" classname="com.vdcoding.testngDemo.tests.StandardTest4">
    <ignored/>
  </testcase> <!-- test4 -->
  <testcase name="test3" time="0.0" classname="com.vdcoding.testngDemo.tests.StandardTest2">
    <ignored/>
  </testcase> <!-- test3 -->
  <testcase name="test1" time="0.0" classname="com.vdcoding.testngDemo.tests.StandardTest4">
    <ignored/>
  </testcase> <!-- test1 -->
</testsuite> <!-- Regression1 -->
